{"__type":"$$EventMessageWorkflow","id":"c334dae0-e0bd-40a5-a55b-e98d802d0167","ts":"2025-09-01T01:15:27.130+00:00","eventName":"n8n.workflow.started","message":"n8n.workflow.started","payload":{"executionId":"3","workflowId":"Ug5kJczEJsN8Xma8","isManual":false,"workflowName":"My workflow"}}
{"__type":"$$EventMessageConfirm","confirm":"c334dae0-e0bd-40a5-a55b-e98d802d0167","ts":"2025-09-01T01:15:27.131+00:00","source":{"id":"0","name":"eventBus"}}
{"__type":"$$EventMessageNode","id":"e35b7775-945e-4484-8f80-5bc9aaf32e8e","ts":"2025-09-01T01:15:27.133+00:00","eventName":"n8n.node.started","message":"n8n.node.started","payload":{"workflowId":"Ug5kJczEJsN8Xma8","workflowName":"My workflow","executionId":"3","nodeType":"n8n-nodes-base.telegramTrigger","nodeName":"Telegram Trigger","nodeId":"92984371-cc5b-4c54-9d4e-e2ca833f6c8f"}}
{"__type":"$$EventMessageConfirm","confirm":"e35b7775-945e-4484-8f80-5bc9aaf32e8e","ts":"2025-09-01T01:15:27.133+00:00","source":{"id":"0","name":"eventBus"}}
{"__type":"$$EventMessageNode","id":"3be8f512-b0fd-4155-b765-a1e571ef9725","ts":"2025-09-01T01:15:27.134+00:00","eventName":"n8n.node.finished","message":"n8n.node.finished","payload":{"workflowId":"Ug5kJczEJsN8Xma8","workflowName":"My workflow","executionId":"3","nodeType":"n8n-nodes-base.telegramTrigger","nodeName":"Telegram Trigger","nodeId":"92984371-cc5b-4c54-9d4e-e2ca833f6c8f"}}
{"__type":"$$EventMessageConfirm","confirm":"3be8f512-b0fd-4155-b765-a1e571ef9725","ts":"2025-09-01T01:15:27.134+00:00","source":{"id":"0","name":"eventBus"}}
{"__type":"$$EventMessageWorkflow","id":"d91f0991-6a0f-4979-be79-2524f6e43ea6","ts":"2025-09-01T01:15:27.140+00:00","eventName":"n8n.workflow.success","message":"n8n.workflow.success","payload":{"executionId":"3","success":true,"isManual":true,"workflowId":"Ug5kJczEJsN8Xma8","workflowName":"My workflow"}}
{"__type":"$$EventMessageConfirm","confirm":"d91f0991-6a0f-4979-be79-2524f6e43ea6","ts":"2025-09-01T01:15:27.140+00:00","source":{"id":"0","name":"eventBus"}}
{"__type":"$$EventMessageWorkflow","id":"652e6363-ce98-424d-abc3-b2d5e1783721","ts":"2025-09-01T01:15:27.384+00:00","eventName":"n8n.workflow.started","message":"n8n.workflow.started","payload":{"executionId":"4","workflowId":"Ug5kJczEJsN8Xma8","isManual":false,"workflowName":"My workflow"}}
{"__type":"$$EventMessageConfirm","confirm":"652e6363-ce98-424d-abc3-b2d5e1783721","ts":"2025-09-01T01:15:27.385+00:00","source":{"id":"0","name":"eventBus"}}
{"__type":"$$EventMessageNode","id":"29844eaa-585f-4cda-a30a-fb6463cbf6c6","ts":"2025-09-01T01:15:27.385+00:00","eventName":"n8n.node.started","message":"n8n.node.started","payload":{"workflowId":"Ug5kJczEJsN8Xma8","workflowName":"My workflow","executionId":"4","nodeType":"n8n-nodes-base.telegramTrigger","nodeName":"Telegram Trigger","nodeId":"92984371-cc5b-4c54-9d4e-e2ca833f6c8f"}}
{"__type":"$$EventMessageConfirm","confirm":"29844eaa-585f-4cda-a30a-fb6463cbf6c6","ts":"2025-09-01T01:15:27.386+00:00","source":{"id":"0","name":"eventBus"}}
{"__type":"$$EventMessageNode","id":"cf07d3e7-4722-49f2-a596-ee387a2a75bc","ts":"2025-09-01T01:15:27.386+00:00","eventName":"n8n.node.finished","message":"n8n.node.finished","payload":{"workflowId":"Ug5kJczEJsN8Xma8","workflowName":"My workflow","executionId":"4","nodeType":"n8n-nodes-base.telegramTrigger","nodeName":"Telegram Trigger","nodeId":"92984371-cc5b-4c54-9d4e-e2ca833f6c8f"}}
{"__type":"$$EventMessageConfirm","confirm":"cf07d3e7-4722-49f2-a596-ee387a2a75bc","ts":"2025-09-01T01:15:27.387+00:00","source":{"id":"0","name":"eventBus"}}
{"__type":"$$EventMessageWorkflow","id":"719c462c-2b86-4ea4-b2a0-0d46b9aef8d8","ts":"2025-09-01T01:15:27.389+00:00","eventName":"n8n.workflow.success","message":"n8n.workflow.success","payload":{"executionId":"4","success":true,"isManual":true,"workflowId":"Ug5kJczEJsN8Xma8","workflowName":"My workflow"}}
{"__type":"$$EventMessageConfirm","confirm":"719c462c-2b86-4ea4-b2a0-0d46b9aef8d8","ts":"2025-09-01T01:15:27.389+00:00","source":{"id":"0","name":"eventBus"}}
{"__type":"$$EventMessageWorkflow","id":"4ac80570-6b09-4a44-917a-4e2f235241f9","ts":"2025-09-01T01:15:35.427+00:00","eventName":"n8n.workflow.started","message":"n8n.workflow.started","payload":{"executionId":"5","workflowId":"Ug5kJczEJsN8Xma8","isManual":false,"workflowName":"My workflow"}}
{"__type":"$$EventMessageConfirm","confirm":"4ac80570-6b09-4a44-917a-4e2f235241f9","ts":"2025-09-01T01:15:35.427+00:00","source":{"id":"0","name":"eventBus"}}
{"__type":"$$EventMessageNode","id":"33b2486a-20a8-40aa-bbe0-2a7559283a36","ts":"2025-09-01T01:15:35.428+00:00","eventName":"n8n.node.started","message":"n8n.node.started","payload":{"workflowId":"Ug5kJczEJsN8Xma8","workflowName":"My workflow","executionId":"5","nodeType":"n8n-nodes-base.telegramTrigger","nodeName":"Telegram Trigger","nodeId":"92984371-cc5b-4c54-9d4e-e2ca833f6c8f"}}
{"__type":"$$EventMessageConfirm","confirm":"33b2486a-20a8-40aa-bbe0-2a7559283a36","ts":"2025-09-01T01:15:35.429+00:00","source":{"id":"0","name":"eventBus"}}
{"__type":"$$EventMessageNode","id":"269435c3-34b5-4fca-9764-6d8b8d923bf8","ts":"2025-09-01T01:15:35.429+00:00","eventName":"n8n.node.finished","message":"n8n.node.finished","payload":{"workflowId":"Ug5kJczEJsN8Xma8","workflowName":"My workflow","executionId":"5","nodeType":"n8n-nodes-base.telegramTrigger","nodeName":"Telegram Trigger","nodeId":"92984371-cc5b-4c54-9d4e-e2ca833f6c8f"}}
{"__type":"$$EventMessageConfirm","confirm":"269435c3-34b5-4fca-9764-6d8b8d923bf8","ts":"2025-09-01T01:15:35.429+00:00","source":{"id":"0","name":"eventBus"}}
{"__type":"$$EventMessageWorkflow","id":"1cedd235-7e9a-473d-8289-bf515157b246","ts":"2025-09-01T01:15:35.432+00:00","eventName":"n8n.workflow.success","message":"n8n.workflow.success","payload":{"executionId":"5","success":true,"isManual":true,"workflowId":"Ug5kJczEJsN8Xma8","workflowName":"My workflow"}}
{"__type":"$$EventMessageConfirm","confirm":"1cedd235-7e9a-473d-8289-bf515157b246","ts":"2025-09-01T01:15:35.432+00:00","source":{"id":"0","name":"eventBus"}}
{"__type":"$$EventMessageWorkflow","id":"af502b43-7a7c-4906-898a-f3651a984ea5","ts":"2025-09-01T01:15:35.714+00:00","eventName":"n8n.workflow.started","message":"n8n.workflow.started","payload":{"executionId":"6","workflowId":"Ug5kJczEJsN8Xma8","isManual":false,"workflowName":"My workflow"}}
{"__type":"$$EventMessageConfirm","confirm":"af502b43-7a7c-4906-898a-f3651a984ea5","ts":"2025-09-01T01:15:35.714+00:00","source":{"id":"0","name":"eventBus"}}
{"__type":"$$EventMessageNode","id":"4cb81226-585a-4108-a958-cf646e57e3c8","ts":"2025-09-01T01:15:35.714+00:00","eventName":"n8n.node.started","message":"n8n.node.started","payload":{"workflowId":"Ug5kJczEJsN8Xma8","workflowName":"My workflow","executionId":"6","nodeType":"n8n-nodes-base.telegramTrigger","nodeName":"Telegram Trigger","nodeId":"92984371-cc5b-4c54-9d4e-e2ca833f6c8f"}}
{"__type":"$$EventMessageConfirm","confirm":"4cb81226-585a-4108-a958-cf646e57e3c8","ts":"2025-09-01T01:15:35.714+00:00","source":{"id":"0","name":"eventBus"}}
{"__type":"$$EventMessageNode","id":"cfa617dd-e2d4-482e-ba1d-f7f5eca5b843","ts":"2025-09-01T01:15:35.715+00:00","eventName":"n8n.node.finished","message":"n8n.node.finished","payload":{"workflowId":"Ug5kJczEJsN8Xma8","workflowName":"My workflow","executionId":"6","nodeType":"n8n-nodes-base.telegramTrigger","nodeName":"Telegram Trigger","nodeId":"92984371-cc5b-4c54-9d4e-e2ca833f6c8f"}}
{"__type":"$$EventMessageConfirm","confirm":"cfa617dd-e2d4-482e-ba1d-f7f5eca5b843","ts":"2025-09-01T01:15:35.715+00:00","source":{"id":"0","name":"eventBus"}}
{"__type":"$$EventMessageWorkflow","id":"e39ea2c1-ecf0-411d-95f4-5f14e5b1f880","ts":"2025-09-01T01:15:35.717+00:00","eventName":"n8n.workflow.success","message":"n8n.workflow.success","payload":{"executionId":"6","success":true,"isManual":true,"workflowId":"Ug5kJczEJsN8Xma8","workflowName":"My workflow"}}
{"__type":"$$EventMessageConfirm","confirm":"e39ea2c1-ecf0-411d-95f4-5f14e5b1f880","ts":"2025-09-01T01:15:35.717+00:00","source":{"id":"0","name":"eventBus"}}
{"__type":"$$EventMessageWorkflow","id":"07ad23f6-10bc-472a-85a0-313879fcd4c6","ts":"2025-09-01T01:15:38.991+00:00","eventName":"n8n.workflow.started","message":"n8n.workflow.started","payload":{"executionId":"7","workflowId":"Ug5kJczEJsN8Xma8","isManual":false,"workflowName":"My workflow"}}
{"__type":"$$EventMessageConfirm","confirm":"07ad23f6-10bc-472a-85a0-313879fcd4c6","ts":"2025-09-01T01:15:38.991+00:00","source":{"id":"0","name":"eventBus"}}
{"__type":"$$EventMessageNode","id":"13b396cd-92bf-426f-80aa-ef06d13c2ec5","ts":"2025-09-01T01:15:38.993+00:00","eventName":"n8n.node.started","message":"n8n.node.started","payload":{"workflowId":"Ug5kJczEJsN8Xma8","workflowName":"My workflow","executionId":"7","nodeType":"n8n-nodes-base.telegramTrigger","nodeName":"Telegram Trigger","nodeId":"92984371-cc5b-4c54-9d4e-e2ca833f6c8f"}}
{"__type":"$$EventMessageConfirm","confirm":"13b396cd-92bf-426f-80aa-ef06d13c2ec5","ts":"2025-09-01T01:15:38.993+00:00","source":{"id":"0","name":"eventBus"}}
{"__type":"$$EventMessageNode","id":"e9ba8c35-1de1-4194-b74c-2e9e9096a79f","ts":"2025-09-01T01:15:38.994+00:00","eventName":"n8n.node.finished","message":"n8n.node.finished","payload":{"workflowId":"Ug5kJczEJsN8Xma8","workflowName":"My workflow","executionId":"7","nodeType":"n8n-nodes-base.telegramTrigger","nodeName":"Telegram Trigger","nodeId":"92984371-cc5b-4c54-9d4e-e2ca833f6c8f"}}
{"__type":"$$EventMessageConfirm","confirm":"e9ba8c35-1de1-4194-b74c-2e9e9096a79f","ts":"2025-09-01T01:15:38.994+00:00","source":{"id":"0","name":"eventBus"}}
{"__type":"$$EventMessageWorkflow","id":"d4cf445f-5b1e-47e7-b8f4-6ed187616cbf","ts":"2025-09-01T01:15:38.997+00:00","eventName":"n8n.workflow.success","message":"n8n.workflow.success","payload":{"executionId":"7","success":true,"isManual":true,"workflowId":"Ug5kJczEJsN8Xma8","workflowName":"My workflow"}}
{"__type":"$$EventMessageConfirm","confirm":"d4cf445f-5b1e-47e7-b8f4-6ed187616cbf","ts":"2025-09-01T01:15:38.997+00:00","source":{"id":"0","name":"eventBus"}}
{"__type":"$$EventMessageWorkflow","id":"46cff8a6-fbc9-44b6-85b9-af19f4cd08ef","ts":"2025-09-01T01:15:39.253+00:00","eventName":"n8n.workflow.started","message":"n8n.workflow.started","payload":{"executionId":"8","workflowId":"Ug5kJczEJsN8Xma8","isManual":false,"workflowName":"My workflow"}}
{"__type":"$$EventMessageConfirm","confirm":"46cff8a6-fbc9-44b6-85b9-af19f4cd08ef","ts":"2025-09-01T01:15:39.253+00:00","source":{"id":"0","name":"eventBus"}}
{"__type":"$$EventMessageNode","id":"ca971828-c529-44dd-906c-c3340d9e57a7","ts":"2025-09-01T01:15:39.254+00:00","eventName":"n8n.node.started","message":"n8n.node.started","payload":{"workflowId":"Ug5kJczEJsN8Xma8","workflowName":"My workflow","executionId":"8","nodeType":"n8n-nodes-base.telegramTrigger","nodeName":"Telegram Trigger","nodeId":"92984371-cc5b-4c54-9d4e-e2ca833f6c8f"}}
{"__type":"$$EventMessageConfirm","confirm":"ca971828-c529-44dd-906c-c3340d9e57a7","ts":"2025-09-01T01:15:39.254+00:00","source":{"id":"0","name":"eventBus"}}
{"__type":"$$EventMessageNode","id":"b83eff3e-f096-49b7-a816-1cb5e224d769","ts":"2025-09-01T01:15:39.254+00:00","eventName":"n8n.node.finished","message":"n8n.node.finished","payload":{"workflowId":"Ug5kJczEJsN8Xma8","workflowName":"My workflow","executionId":"8","nodeType":"n8n-nodes-base.telegramTrigger","nodeName":"Telegram Trigger","nodeId":"92984371-cc5b-4c54-9d4e-e2ca833f6c8f"}}
{"__type":"$$EventMessageConfirm","confirm":"b83eff3e-f096-49b7-a816-1cb5e224d769","ts":"2025-09-01T01:15:39.254+00:00","source":{"id":"0","name":"eventBus"}}
{"__type":"$$EventMessageWorkflow","id":"945c851e-ca68-4dc4-9fa5-43950e10ede3","ts":"2025-09-01T01:15:39.255+00:00","eventName":"n8n.workflow.success","message":"n8n.workflow.success","payload":{"executionId":"8","success":true,"isManual":true,"workflowId":"Ug5kJczEJsN8Xma8","workflowName":"My workflow"}}
{"__type":"$$EventMessageConfirm","confirm":"945c851e-ca68-4dc4-9fa5-43950e10ede3","ts":"2025-09-01T01:15:39.255+00:00","source":{"id":"0","name":"eventBus"}}
{"__type":"$$EventMessageWorkflow","id":"42b6e97e-d4e7-4201-b7c5-b2edc852e889","ts":"2025-09-01T01:16:02.577+00:00","eventName":"n8n.workflow.started","message":"n8n.workflow.started","payload":{"executionId":"9","workflowId":"Ug5kJczEJsN8Xma8","isManual":false,"workflowName":"My workflow"}}
{"__type":"$$EventMessageConfirm","confirm":"42b6e97e-d4e7-4201-b7c5-b2edc852e889","ts":"2025-09-01T01:16:02.577+00:00","source":{"id":"0","name":"eventBus"}}
{"__type":"$$EventMessageNode","id":"c816cafc-42e2-415d-a56e-582d2b6f0a91","ts":"2025-09-01T01:16:02.578+00:00","eventName":"n8n.node.started","message":"n8n.node.started","payload":{"workflowId":"Ug5kJczEJsN8Xma8","workflowName":"My workflow","executionId":"9","nodeType":"n8n-nodes-base.telegramTrigger","nodeName":"Telegram Trigger","nodeId":"92984371-cc5b-4c54-9d4e-e2ca833f6c8f"}}
{"__type":"$$EventMessageConfirm","confirm":"c816cafc-42e2-415d-a56e-582d2b6f0a91","ts":"2025-09-01T01:16:02.578+00:00","source":{"id":"0","name":"eventBus"}}
{"__type":"$$EventMessageNode","id":"82d8c0e4-22df-403c-b54d-8107a86f1431","ts":"2025-09-01T01:16:02.578+00:00","eventName":"n8n.node.finished","message":"n8n.node.finished","payload":{"workflowId":"Ug5kJczEJsN8Xma8","workflowName":"My workflow","executionId":"9","nodeType":"n8n-nodes-base.telegramTrigger","nodeName":"Telegram Trigger","nodeId":"92984371-cc5b-4c54-9d4e-e2ca833f6c8f"}}
{"__type":"$$EventMessageConfirm","confirm":"82d8c0e4-22df-403c-b54d-8107a86f1431","ts":"2025-09-01T01:16:02.578+00:00","source":{"id":"0","name":"eventBus"}}
{"__type":"$$EventMessageWorkflow","id":"ccb91c74-7328-4a6b-adfc-cf8f4a885c64","ts":"2025-09-01T01:16:02.580+00:00","eventName":"n8n.workflow.success","message":"n8n.workflow.success","payload":{"executionId":"9","success":true,"isManual":true,"workflowId":"Ug5kJczEJsN8Xma8","workflowName":"My workflow"}}
{"__type":"$$EventMessageConfirm","confirm":"ccb91c74-7328-4a6b-adfc-cf8f4a885c64","ts":"2025-09-01T01:16:02.580+00:00","source":{"id":"0","name":"eventBus"}}
{"__type":"$$EventMessageWorkflow","id":"c35b5f21-f0d1-4de0-bfe1-4b3c55d88304","ts":"2025-09-01T01:16:02.839+00:00","eventName":"n8n.workflow.started","message":"n8n.workflow.started","payload":{"executionId":"10","workflowId":"Ug5kJczEJsN8Xma8","isManual":false,"workflowName":"My workflow"}}
{"__type":"$$EventMessageConfirm","confirm":"c35b5f21-f0d1-4de0-bfe1-4b3c55d88304","ts":"2025-09-01T01:16:02.839+00:00","source":{"id":"0","name":"eventBus"}}
{"__type":"$$EventMessageNode","id":"cbb62047-17be-4f91-96a5-486d3bc9b3e5","ts":"2025-09-01T01:16:02.840+00:00","eventName":"n8n.node.started","message":"n8n.node.started","payload":{"workflowId":"Ug5kJczEJsN8Xma8","workflowName":"My workflow","executionId":"10","nodeType":"n8n-nodes-base.telegramTrigger","nodeName":"Telegram Trigger","nodeId":"92984371-cc5b-4c54-9d4e-e2ca833f6c8f"}}
{"__type":"$$EventMessageConfirm","confirm":"cbb62047-17be-4f91-96a5-486d3bc9b3e5","ts":"2025-09-01T01:16:02.840+00:00","source":{"id":"0","name":"eventBus"}}
{"__type":"$$EventMessageNode","id":"95c50528-87ac-4c29-8aac-1a218b5f1a44","ts":"2025-09-01T01:16:02.840+00:00","eventName":"n8n.node.finished","message":"n8n.node.finished","payload":{"workflowId":"Ug5kJczEJsN8Xma8","workflowName":"My workflow","executionId":"10","nodeType":"n8n-nodes-base.telegramTrigger","nodeName":"Telegram Trigger","nodeId":"92984371-cc5b-4c54-9d4e-e2ca833f6c8f"}}
{"__type":"$$EventMessageConfirm","confirm":"95c50528-87ac-4c29-8aac-1a218b5f1a44","ts":"2025-09-01T01:16:02.840+00:00","source":{"id":"0","name":"eventBus"}}
{"__type":"$$EventMessageWorkflow","id":"44becd0d-c8e1-4d31-aac9-1ecd1a6ebc3f","ts":"2025-09-01T01:16:02.841+00:00","eventName":"n8n.workflow.success","message":"n8n.workflow.success","payload":{"executionId":"10","success":true,"isManual":true,"workflowId":"Ug5kJczEJsN8Xma8","workflowName":"My workflow"}}
{"__type":"$$EventMessageConfirm","confirm":"44becd0d-c8e1-4d31-aac9-1ecd1a6ebc3f","ts":"2025-09-01T01:16:02.841+00:00","source":{"id":"0","name":"eventBus"}}
{"__type":"$$EventMessageWorkflow","id":"993d054e-f31a-47ad-b534-44e842a9bcc8","ts":"2025-09-01T01:16:06.117+00:00","eventName":"n8n.workflow.started","message":"n8n.workflow.started","payload":{"executionId":"11","workflowId":"Ug5kJczEJsN8Xma8","isManual":false,"workflowName":"My workflow"}}
{"__type":"$$EventMessageConfirm","confirm":"993d054e-f31a-47ad-b534-44e842a9bcc8","ts":"2025-09-01T01:16:06.117+00:00","source":{"id":"0","name":"eventBus"}}
{"__type":"$$EventMessageNode","id":"00e673c7-1c43-4c6e-85ad-6b1504eb553c","ts":"2025-09-01T01:16:06.119+00:00","eventName":"n8n.node.started","message":"n8n.node.started","payload":{"workflowId":"Ug5kJczEJsN8Xma8","workflowName":"My workflow","executionId":"11","nodeType":"n8n-nodes-base.telegramTrigger","nodeName":"Telegram Trigger","nodeId":"92984371-cc5b-4c54-9d4e-e2ca833f6c8f"}}
{"__type":"$$EventMessageConfirm","confirm":"00e673c7-1c43-4c6e-85ad-6b1504eb553c","ts":"2025-09-01T01:16:06.119+00:00","source":{"id":"0","name":"eventBus"}}
{"__type":"$$EventMessageNode","id":"433c298b-468b-430f-85e9-95208fa92c88","ts":"2025-09-01T01:16:06.120+00:00","eventName":"n8n.node.finished","message":"n8n.node.finished","payload":{"workflowId":"Ug5kJczEJsN8Xma8","workflowName":"My workflow","executionId":"11","nodeType":"n8n-nodes-base.telegramTrigger","nodeName":"Telegram Trigger","nodeId":"92984371-cc5b-4c54-9d4e-e2ca833f6c8f"}}
{"__type":"$$EventMessageConfirm","confirm":"433c298b-468b-430f-85e9-95208fa92c88","ts":"2025-09-01T01:16:06.120+00:00","source":{"id":"0","name":"eventBus"}}
{"__type":"$$EventMessageWorkflow","id":"b78618fa-a410-469f-8291-0d07ea89fd30","ts":"2025-09-01T01:16:06.122+00:00","eventName":"n8n.workflow.success","message":"n8n.workflow.success","payload":{"executionId":"11","success":true,"isManual":true,"workflowId":"Ug5kJczEJsN8Xma8","workflowName":"My workflow"}}
{"__type":"$$EventMessageConfirm","confirm":"b78618fa-a410-469f-8291-0d07ea89fd30","ts":"2025-09-01T01:16:06.122+00:00","source":{"id":"0","name":"eventBus"}}
{"__type":"$$EventMessageWorkflow","id":"a1529ec1-cc55-42f5-81e7-eb5750d2299c","ts":"2025-09-01T01:16:06.423+00:00","eventName":"n8n.workflow.started","message":"n8n.workflow.started","payload":{"executionId":"12","workflowId":"Ug5kJczEJsN8Xma8","isManual":false,"workflowName":"My workflow"}}
{"__type":"$$EventMessageConfirm","confirm":"a1529ec1-cc55-42f5-81e7-eb5750d2299c","ts":"2025-09-01T01:16:06.423+00:00","source":{"id":"0","name":"eventBus"}}
{"__type":"$$EventMessageNode","id":"29e6b222-edce-4667-bee1-f4d1f0d0f066","ts":"2025-09-01T01:16:06.424+00:00","eventName":"n8n.node.started","message":"n8n.node.started","payload":{"workflowId":"Ug5kJczEJsN8Xma8","workflowName":"My workflow","executionId":"12","nodeType":"n8n-nodes-base.telegramTrigger","nodeName":"Telegram Trigger","nodeId":"92984371-cc5b-4c54-9d4e-e2ca833f6c8f"}}
{"__type":"$$EventMessageConfirm","confirm":"29e6b222-edce-4667-bee1-f4d1f0d0f066","ts":"2025-09-01T01:16:06.424+00:00","source":{"id":"0","name":"eventBus"}}
{"__type":"$$EventMessageNode","id":"e696ad38-d07b-4694-ac25-99d20d900ba1","ts":"2025-09-01T01:16:06.424+00:00","eventName":"n8n.node.finished","message":"n8n.node.finished","payload":{"workflowId":"Ug5kJczEJsN8Xma8","workflowName":"My workflow","executionId":"12","nodeType":"n8n-nodes-base.telegramTrigger","nodeName":"Telegram Trigger","nodeId":"92984371-cc5b-4c54-9d4e-e2ca833f6c8f"}}
{"__type":"$$EventMessageConfirm","confirm":"e696ad38-d07b-4694-ac25-99d20d900ba1","ts":"2025-09-01T01:16:06.424+00:00","source":{"id":"0","name":"eventBus"}}
{"__type":"$$EventMessageWorkflow","id":"46b38b91-f23f-420a-b8de-45daca858a0a","ts":"2025-09-01T01:16:06.426+00:00","eventName":"n8n.workflow.success","message":"n8n.workflow.success","payload":{"executionId":"12","success":true,"isManual":true,"workflowId":"Ug5kJczEJsN8Xma8","workflowName":"My workflow"}}
{"__type":"$$EventMessageConfirm","confirm":"46b38b91-f23f-420a-b8de-45daca858a0a","ts":"2025-09-01T01:16:06.426+00:00","source":{"id":"0","name":"eventBus"}}
{"__type":"$$EventMessageWorkflow","id":"e8d8857c-b444-44c6-b283-9d2c14b91366","ts":"2025-09-01T01:16:09.123+00:00","eventName":"n8n.workflow.started","message":"n8n.workflow.started","payload":{"executionId":"13","workflowId":"Ug5kJczEJsN8Xma8","isManual":false,"workflowName":"My workflow"}}
{"__type":"$$EventMessageConfirm","confirm":"e8d8857c-b444-44c6-b283-9d2c14b91366","ts":"2025-09-01T01:16:09.123+00:00","source":{"id":"0","name":"eventBus"}}
{"__type":"$$EventMessageNode","id":"c223cbe5-d369-4cb0-8d83-00fe7aa5e356","ts":"2025-09-01T01:16:09.124+00:00","eventName":"n8n.node.started","message":"n8n.node.started","payload":{"workflowId":"Ug5kJczEJsN8Xma8","workflowName":"My workflow","executionId":"13","nodeType":"n8n-nodes-base.telegramTrigger","nodeName":"Telegram Trigger","nodeId":"92984371-cc5b-4c54-9d4e-e2ca833f6c8f"}}
{"__type":"$$EventMessageConfirm","confirm":"c223cbe5-d369-4cb0-8d83-00fe7aa5e356","ts":"2025-09-01T01:16:09.124+00:00","source":{"id":"0","name":"eventBus"}}
{"__type":"$$EventMessageNode","id":"3d7e0246-bec2-40bf-b039-c719979edb2d","ts":"2025-09-01T01:16:09.124+00:00","eventName":"n8n.node.finished","message":"n8n.node.finished","payload":{"workflowId":"Ug5kJczEJsN8Xma8","workflowName":"My workflow","executionId":"13","nodeType":"n8n-nodes-base.telegramTrigger","nodeName":"Telegram Trigger","nodeId":"92984371-cc5b-4c54-9d4e-e2ca833f6c8f"}}
{"__type":"$$EventMessageConfirm","confirm":"3d7e0246-bec2-40bf-b039-c719979edb2d","ts":"2025-09-01T01:16:09.125+00:00","source":{"id":"0","name":"eventBus"}}
{"__type":"$$EventMessageWorkflow","id":"36bb797d-2ff4-49ac-b13d-c38e2917077a","ts":"2025-09-01T01:16:09.127+00:00","eventName":"n8n.workflow.success","message":"n8n.workflow.success","payload":{"executionId":"13","success":true,"isManual":true,"workflowId":"Ug5kJczEJsN8Xma8","workflowName":"My workflow"}}
{"__type":"$$EventMessageConfirm","confirm":"36bb797d-2ff4-49ac-b13d-c38e2917077a","ts":"2025-09-01T01:16:09.127+00:00","source":{"id":"0","name":"eventBus"}}
{"__type":"$$EventMessageWorkflow","id":"a5dc33a2-3007-4f26-bc90-2bc8472cfef2","ts":"2025-09-01T01:16:45.322+00:00","eventName":"n8n.workflow.started","message":"n8n.workflow.started","payload":{"executionId":"14","workflowId":"Ug5kJczEJsN8Xma8","isManual":false,"workflowName":"My workflow"}}
{"__type":"$$EventMessageConfirm","confirm":"a5dc33a2-3007-4f26-bc90-2bc8472cfef2","ts":"2025-09-01T01:16:45.322+00:00","source":{"id":"0","name":"eventBus"}}
{"__type":"$$EventMessageNode","id":"ee91a9d4-dde0-422d-89d7-9646533c9d20","ts":"2025-09-01T01:16:45.323+00:00","eventName":"n8n.node.started","message":"n8n.node.started","payload":{"workflowId":"Ug5kJczEJsN8Xma8","workflowName":"My workflow","executionId":"14","nodeType":"n8n-nodes-base.telegramTrigger","nodeName":"Telegram Trigger","nodeId":"92984371-cc5b-4c54-9d4e-e2ca833f6c8f"}}
{"__type":"$$EventMessageConfirm","confirm":"ee91a9d4-dde0-422d-89d7-9646533c9d20","ts":"2025-09-01T01:16:45.324+00:00","source":{"id":"0","name":"eventBus"}}
{"__type":"$$EventMessageNode","id":"cdc625f2-7bec-426f-806b-0e551b7f9894","ts":"2025-09-01T01:16:45.324+00:00","eventName":"n8n.node.finished","message":"n8n.node.finished","payload":{"workflowId":"Ug5kJczEJsN8Xma8","workflowName":"My workflow","executionId":"14","nodeType":"n8n-nodes-base.telegramTrigger","nodeName":"Telegram Trigger","nodeId":"92984371-cc5b-4c54-9d4e-e2ca833f6c8f"}}
{"__type":"$$EventMessageConfirm","confirm":"cdc625f2-7bec-426f-806b-0e551b7f9894","ts":"2025-09-01T01:16:45.324+00:00","source":{"id":"0","name":"eventBus"}}
{"__type":"$$EventMessageWorkflow","id":"20ddc772-d0c4-46fa-9b65-f5c8b94d25ad","ts":"2025-09-01T01:16:45.327+00:00","eventName":"n8n.workflow.success","message":"n8n.workflow.success","payload":{"executionId":"14","success":true,"isManual":true,"workflowId":"Ug5kJczEJsN8Xma8","workflowName":"My workflow"}}
{"__type":"$$EventMessageConfirm","confirm":"20ddc772-d0c4-46fa-9b65-f5c8b94d25ad","ts":"2025-09-01T01:16:45.327+00:00","source":{"id":"0","name":"eventBus"}}
{"__type":"$$EventMessageWorkflow","id":"f04caecd-f1cb-4df6-8c73-8a99676cf1d8","ts":"2025-09-01T01:17:02.583+00:00","eventName":"n8n.workflow.started","message":"n8n.workflow.started","payload":{"executionId":"15","workflowId":"Ug5kJczEJsN8Xma8","isManual":false,"workflowName":"My workflow"}}
{"__type":"$$EventMessageConfirm","confirm":"f04caecd-f1cb-4df6-8c73-8a99676cf1d8","ts":"2025-09-01T01:17:02.583+00:00","source":{"id":"0","name":"eventBus"}}
{"__type":"$$EventMessageNode","id":"8fddd507-6c9c-4dcd-81e6-8bc8b4874e9d","ts":"2025-09-01T01:17:02.584+00:00","eventName":"n8n.node.started","message":"n8n.node.started","payload":{"workflowId":"Ug5kJczEJsN8Xma8","workflowName":"My workflow","executionId":"15","nodeType":"n8n-nodes-base.telegramTrigger","nodeName":"Telegram Trigger","nodeId":"92984371-cc5b-4c54-9d4e-e2ca833f6c8f"}}
{"__type":"$$EventMessageConfirm","confirm":"8fddd507-6c9c-4dcd-81e6-8bc8b4874e9d","ts":"2025-09-01T01:17:02.584+00:00","source":{"id":"0","name":"eventBus"}}
{"__type":"$$EventMessageNode","id":"ad8864b2-c048-4f16-8239-2a36463e9015","ts":"2025-09-01T01:17:02.585+00:00","eventName":"n8n.node.finished","message":"n8n.node.finished","payload":{"workflowId":"Ug5kJczEJsN8Xma8","workflowName":"My workflow","executionId":"15","nodeType":"n8n-nodes-base.telegramTrigger","nodeName":"Telegram Trigger","nodeId":"92984371-cc5b-4c54-9d4e-e2ca833f6c8f"}}
{"__type":"$$EventMessageConfirm","confirm":"ad8864b2-c048-4f16-8239-2a36463e9015","ts":"2025-09-01T01:17:02.585+00:00","source":{"id":"0","name":"eventBus"}}
{"__type":"$$EventMessageWorkflow","id":"6c70aa07-155f-43f3-8415-2d20204ce796","ts":"2025-09-01T01:17:02.588+00:00","eventName":"n8n.workflow.success","message":"n8n.workflow.success","payload":{"executionId":"15","success":true,"isManual":true,"workflowId":"Ug5kJczEJsN8Xma8","workflowName":"My workflow"}}
{"__type":"$$EventMessageConfirm","confirm":"6c70aa07-155f-43f3-8415-2d20204ce796","ts":"2025-09-01T01:17:02.588+00:00","source":{"id":"0","name":"eventBus"}}
{"__type":"$$EventMessageWorkflow","id":"ae1af236-7d86-492a-bfc1-7578e5004b30","ts":"2025-09-01T01:18:20.180+00:00","eventName":"n8n.workflow.started","message":"n8n.workflow.started","payload":{"executionId":"16","workflowId":"Ug5kJczEJsN8Xma8","isManual":false,"workflowName":"My workflow"}}
{"__type":"$$EventMessageConfirm","confirm":"ae1af236-7d86-492a-bfc1-7578e5004b30","ts":"2025-09-01T01:18:20.180+00:00","source":{"id":"0","name":"eventBus"}}
{"__type":"$$EventMessageNode","id":"389ce2ed-0ac8-4a13-b568-c8e474f3afe1","ts":"2025-09-01T01:18:20.181+00:00","eventName":"n8n.node.started","message":"n8n.node.started","payload":{"workflowId":"Ug5kJczEJsN8Xma8","workflowName":"My workflow","executionId":"16","nodeType":"n8n-nodes-base.telegram","nodeName":"Send a text message","nodeId":"37d55f74-42d4-4934-8e17-e0b7306febab"}}
{"__type":"$$EventMessageConfirm","confirm":"389ce2ed-0ac8-4a13-b568-c8e474f3afe1","ts":"2025-09-01T01:18:20.181+00:00","source":{"id":"0","name":"eventBus"}}
{"__type":"$$EventMessageNode","id":"a41aa35f-bf9e-4c0a-8e82-be51afdb4783","ts":"2025-09-01T01:18:20.725+00:00","eventName":"n8n.node.finished","message":"n8n.node.finished","payload":{"workflowId":"Ug5kJczEJsN8Xma8","workflowName":"My workflow","executionId":"16","nodeType":"n8n-nodes-base.telegram","nodeName":"Send a text message","nodeId":"37d55f74-42d4-4934-8e17-e0b7306febab"}}
{"__type":"$$EventMessageConfirm","confirm":"a41aa35f-bf9e-4c0a-8e82-be51afdb4783","ts":"2025-09-01T01:18:20.725+00:00","source":{"id":"0","name":"eventBus"}}
{"__type":"$$EventMessageWorkflow","id":"b08bb9fa-e17d-4346-a297-723947bdd424","ts":"2025-09-01T01:18:20.727+00:00","eventName":"n8n.workflow.success","message":"n8n.workflow.success","payload":{"userId":"b152749f-8bb5-4e4c-812e-9be4482f8408","executionId":"16","success":true,"isManual":true,"workflowId":"Ug5kJczEJsN8Xma8","workflowName":"My workflow"}}
{"__type":"$$EventMessageConfirm","confirm":"b08bb9fa-e17d-4346-a297-723947bdd424","ts":"2025-09-01T01:18:20.727+00:00","source":{"id":"0","name":"eventBus"}}
{"__type":"$$EventMessageWorkflow","id":"8f6749c2-b7a8-437e-85be-1d7c7d13064c","ts":"2025-09-01T01:18:32.973+00:00","eventName":"n8n.workflow.started","message":"n8n.workflow.started","payload":{"executionId":"17","workflowId":"Ug5kJczEJsN8Xma8","isManual":false,"workflowName":"My workflow"}}
{"__type":"$$EventMessageConfirm","confirm":"8f6749c2-b7a8-437e-85be-1d7c7d13064c","ts":"2025-09-01T01:18:32.973+00:00","source":{"id":"0","name":"eventBus"}}
{"__type":"$$EventMessageNode","id":"849efdef-1084-4063-861c-245e45b5e81e","ts":"2025-09-01T01:18:32.974+00:00","eventName":"n8n.node.started","message":"n8n.node.started","payload":{"workflowId":"Ug5kJczEJsN8Xma8","workflowName":"My workflow","executionId":"17","nodeType":"n8n-nodes-base.telegramTrigger","nodeName":"Telegram Trigger","nodeId":"92984371-cc5b-4c54-9d4e-e2ca833f6c8f"}}
{"__type":"$$EventMessageConfirm","confirm":"849efdef-1084-4063-861c-245e45b5e81e","ts":"2025-09-01T01:18:32.974+00:00","source":{"id":"0","name":"eventBus"}}
{"__type":"$$EventMessageNode","id":"7ceed8fc-3f6f-42bb-a8c0-0ec47737117d","ts":"2025-09-01T01:18:32.976+00:00","eventName":"n8n.node.finished","message":"n8n.node.finished","payload":{"workflowId":"Ug5kJczEJsN8Xma8","workflowName":"My workflow","executionId":"17","nodeType":"n8n-nodes-base.telegramTrigger","nodeName":"Telegram Trigger","nodeId":"92984371-cc5b-4c54-9d4e-e2ca833f6c8f"}}
{"__type":"$$EventMessageConfirm","confirm":"7ceed8fc-3f6f-42bb-a8c0-0ec47737117d","ts":"2025-09-01T01:18:32.976+00:00","source":{"id":"0","name":"eventBus"}}
{"__type":"$$EventMessageNode","id":"d8a123e5-96ec-41b7-b52a-7fd148c7a6d8","ts":"2025-09-01T01:18:32.976+00:00","eventName":"n8n.node.started","message":"n8n.node.started","payload":{"workflowId":"Ug5kJczEJsN8Xma8","workflowName":"My workflow","executionId":"17","nodeType":"n8n-nodes-base.telegram","nodeName":"Send a text message","nodeId":"37d55f74-42d4-4934-8e17-e0b7306febab"}}
{"__type":"$$EventMessageConfirm","confirm":"d8a123e5-96ec-41b7-b52a-7fd148c7a6d8","ts":"2025-09-01T01:18:32.977+00:00","source":{"id":"0","name":"eventBus"}}
{"__type":"$$EventMessageNode","id":"829543fc-acf2-4b7f-b014-ef259344e702","ts":"2025-09-01T01:18:33.534+00:00","eventName":"n8n.node.finished","message":"n8n.node.finished","payload":{"workflowId":"Ug5kJczEJsN8Xma8","workflowName":"My workflow","executionId":"17","nodeType":"n8n-nodes-base.telegram","nodeName":"Send a text message","nodeId":"37d55f74-42d4-4934-8e17-e0b7306febab"}}
{"__type":"$$EventMessageConfirm","confirm":"829543fc-acf2-4b7f-b014-ef259344e702","ts":"2025-09-01T01:18:33.535+00:00","source":{"id":"0","name":"eventBus"}}
{"__type":"$$EventMessageWorkflow","id":"b458e578-cc5a-40d4-88f8-9412628b0bd6","ts":"2025-09-01T01:18:33.539+00:00","eventName":"n8n.workflow.success","message":"n8n.workflow.success","payload":{"executionId":"17","success":true,"isManual":true,"workflowId":"Ug5kJczEJsN8Xma8","workflowName":"My workflow"}}
{"__type":"$$EventMessageConfirm","confirm":"b458e578-cc5a-40d4-88f8-9412628b0bd6","ts":"2025-09-01T01:18:33.539+00:00","source":{"id":"0","name":"eventBus"}}
{"__type":"$$EventMessageWorkflow","id":"e0654cb2-b163-4f94-83ba-5f87ace9497e","ts":"2025-09-01T02:04:30.059+00:00","eventName":"n8n.workflow.started","message":"n8n.workflow.started","payload":{"executionId":"18","workflowId":"Ug5kJczEJsN8Xma8","isManual":false,"workflowName":"My workflow"}}
{"__type":"$$EventMessageConfirm","confirm":"e0654cb2-b163-4f94-83ba-5f87ace9497e","ts":"2025-09-01T02:04:30.059+00:00","source":{"id":"0","name":"eventBus"}}
{"__type":"$$EventMessageNode","id":"7a91204d-18b1-4464-8bcd-fa2a27fe22a8","ts":"2025-09-01T02:04:30.059+00:00","eventName":"n8n.node.started","message":"n8n.node.started","payload":{"workflowId":"Ug5kJczEJsN8Xma8","workflowName":"My workflow","executionId":"18","nodeType":"n8n-nodes-base.telegramTrigger","nodeName":"Telegram Trigger","nodeId":"92984371-cc5b-4c54-9d4e-e2ca833f6c8f"}}
{"__type":"$$EventMessageConfirm","confirm":"7a91204d-18b1-4464-8bcd-fa2a27fe22a8","ts":"2025-09-01T02:04:30.059+00:00","source":{"id":"0","name":"eventBus"}}
{"__type":"$$EventMessageNode","id":"892eee28-1b50-4cf1-826e-9c728b08f18e","ts":"2025-09-01T02:04:30.060+00:00","eventName":"n8n.node.finished","message":"n8n.node.finished","payload":{"workflowId":"Ug5kJczEJsN8Xma8","workflowName":"My workflow","executionId":"18","nodeType":"n8n-nodes-base.telegramTrigger","nodeName":"Telegram Trigger","nodeId":"92984371-cc5b-4c54-9d4e-e2ca833f6c8f"}}
{"__type":"$$EventMessageConfirm","confirm":"892eee28-1b50-4cf1-826e-9c728b08f18e","ts":"2025-09-01T02:04:30.060+00:00","source":{"id":"0","name":"eventBus"}}
{"__type":"$$EventMessageNode","id":"775a27d7-9dbf-4891-956b-8bba6a074fd6","ts":"2025-09-01T02:04:30.060+00:00","eventName":"n8n.node.started","message":"n8n.node.started","payload":{"workflowId":"Ug5kJczEJsN8Xma8","workflowName":"My workflow","executionId":"18","nodeType":"n8n-nodes-base.if","nodeName":"If","nodeId":"dfa0a3a5-67a9-4b33-99b4-fdbd4fe7e3af"}}
{"__type":"$$EventMessageConfirm","confirm":"775a27d7-9dbf-4891-956b-8bba6a074fd6","ts":"2025-09-01T02:04:30.060+00:00","source":{"id":"0","name":"eventBus"}}
{"__type":"$$EventMessageNode","id":"0892f6e3-cea7-4312-bee0-d7c0c9890196","ts":"2025-08-31T23:04:30.088-03:00","eventName":"n8n.node.finished","message":"n8n.node.finished","payload":{"workflowId":"Ug5kJczEJsN8Xma8","workflowName":"My workflow","executionId":"18","nodeType":"n8n-nodes-base.if","nodeName":"If","nodeId":"dfa0a3a5-67a9-4b33-99b4-fdbd4fe7e3af"}}
{"__type":"$$EventMessageConfirm","confirm":"0892f6e3-cea7-4312-bee0-d7c0c9890196","ts":"2025-08-31T23:04:30.088-03:00","source":{"id":"0","name":"eventBus"}}
{"__type":"$$EventMessageWorkflow","id":"16ebb6c6-65b9-486b-b101-de6cd9752bb5","ts":"2025-08-31T23:04:30.089-03:00","eventName":"n8n.workflow.success","message":"n8n.workflow.success","payload":{"userId":"b152749f-8bb5-4e4c-812e-9be4482f8408","executionId":"18","success":true,"isManual":true,"workflowId":"Ug5kJczEJsN8Xma8","workflowName":"My workflow"}}
{"__type":"$$EventMessageConfirm","confirm":"16ebb6c6-65b9-486b-b101-de6cd9752bb5","ts":"2025-08-31T23:04:30.089-03:00","source":{"id":"0","name":"eventBus"}}
{"__type":"$$EventMessageWorkflow","id":"c425211f-2b35-4c01-82d1-063fe55fb77c","ts":"2025-08-31T23:05:34.580-03:00","eventName":"n8n.workflow.started","message":"n8n.workflow.started","payload":{"executionId":"19","workflowId":"Ug5kJczEJsN8Xma8","isManual":false,"workflowName":"My workflow"}}
{"__type":"$$EventMessageConfirm","confirm":"c425211f-2b35-4c01-82d1-063fe55fb77c","ts":"2025-08-31T23:05:34.580-03:00","source":{"id":"0","name":"eventBus"}}
{"__type":"$$EventMessageNode","id":"c05a1257-f322-4643-988e-0a7aadcce77c","ts":"2025-08-31T23:05:34.581-03:00","eventName":"n8n.node.started","message":"n8n.node.started","payload":{"workflowId":"Ug5kJczEJsN8Xma8","workflowName":"My workflow","executionId":"19","nodeType":"n8n-nodes-base.telegramTrigger","nodeName":"Telegram Trigger","nodeId":"92984371-cc5b-4c54-9d4e-e2ca833f6c8f"}}
{"__type":"$$EventMessageConfirm","confirm":"c05a1257-f322-4643-988e-0a7aadcce77c","ts":"2025-08-31T23:05:34.581-03:00","source":{"id":"0","name":"eventBus"}}
{"__type":"$$EventMessageNode","id":"e9238110-bf44-456f-82a5-9a822eb543c2","ts":"2025-08-31T23:05:34.581-03:00","eventName":"n8n.node.finished","message":"n8n.node.finished","payload":{"workflowId":"Ug5kJczEJsN8Xma8","workflowName":"My workflow","executionId":"19","nodeType":"n8n-nodes-base.telegramTrigger","nodeName":"Telegram Trigger","nodeId":"92984371-cc5b-4c54-9d4e-e2ca833f6c8f"}}
{"__type":"$$EventMessageConfirm","confirm":"e9238110-bf44-456f-82a5-9a822eb543c2","ts":"2025-08-31T23:05:34.582-03:00","source":{"id":"0","name":"eventBus"}}
{"__type":"$$EventMessageNode","id":"fd8a9df2-7f2b-4d7b-bca7-db7936420e77","ts":"2025-08-31T23:05:34.582-03:00","eventName":"n8n.node.started","message":"n8n.node.started","payload":{"workflowId":"Ug5kJczEJsN8Xma8","workflowName":"My workflow","executionId":"19","nodeType":"n8n-nodes-base.if","nodeName":"If","nodeId":"dfa0a3a5-67a9-4b33-99b4-fdbd4fe7e3af"}}
{"__type":"$$EventMessageConfirm","confirm":"fd8a9df2-7f2b-4d7b-bca7-db7936420e77","ts":"2025-08-31T23:05:34.582-03:00","source":{"id":"0","name":"eventBus"}}
{"__type":"$$EventMessageNode","id":"7b0859dd-bc2f-41ba-9054-5987d504020f","ts":"2025-08-31T23:05:34.584-03:00","eventName":"n8n.node.finished","message":"n8n.node.finished","payload":{"workflowId":"Ug5kJczEJsN8Xma8","workflowName":"My workflow","executionId":"19","nodeType":"n8n-nodes-base.if","nodeName":"If","nodeId":"dfa0a3a5-67a9-4b33-99b4-fdbd4fe7e3af"}}
{"__type":"$$EventMessageConfirm","confirm":"7b0859dd-bc2f-41ba-9054-5987d504020f","ts":"2025-08-31T23:05:34.584-03:00","source":{"id":"0","name":"eventBus"}}
{"__type":"$$EventMessageWorkflow","id":"a1bb15d6-c20f-437a-aa04-646ba8b9a3c9","ts":"2025-08-31T23:05:34.585-03:00","eventName":"n8n.workflow.success","message":"n8n.workflow.success","payload":{"executionId":"19","success":true,"isManual":true,"workflowId":"Ug5kJczEJsN8Xma8","workflowName":"My workflow"}}
{"__type":"$$EventMessageConfirm","confirm":"a1bb15d6-c20f-437a-aa04-646ba8b9a3c9","ts":"2025-08-31T23:05:34.585-03:00","source":{"id":"0","name":"eventBus"}}
{"__type":"$$EventMessageWorkflow","id":"bc7befbe-dbbd-4c52-a7f5-f95c7ded4c89","ts":"2025-08-31T23:08:15.472-03:00","eventName":"n8n.workflow.started","message":"n8n.workflow.started","payload":{"executionId":"20","workflowId":"Ug5kJczEJsN8Xma8","isManual":false,"workflowName":"My workflow"}}
{"__type":"$$EventMessageConfirm","confirm":"bc7befbe-dbbd-4c52-a7f5-f95c7ded4c89","ts":"2025-08-31T23:08:15.472-03:00","source":{"id":"0","name":"eventBus"}}
{"__type":"$$EventMessageNode","id":"6271a66c-987b-46f5-8cc5-34e55b87e20d","ts":"2025-08-31T23:08:15.473-03:00","eventName":"n8n.node.started","message":"n8n.node.started","payload":{"workflowId":"Ug5kJczEJsN8Xma8","workflowName":"My workflow","executionId":"20","nodeType":"n8n-nodes-base.if","nodeName":"If","nodeId":"dfa0a3a5-67a9-4b33-99b4-fdbd4fe7e3af"}}
{"__type":"$$EventMessageConfirm","confirm":"6271a66c-987b-46f5-8cc5-34e55b87e20d","ts":"2025-08-31T23:08:15.473-03:00","source":{"id":"0","name":"eventBus"}}
{"__type":"$$EventMessageNode","id":"de9ea968-baf5-4c13-b1b5-eb1ccf5d8216","ts":"2025-08-31T23:08:15.474-03:00","eventName":"n8n.node.finished","message":"n8n.node.finished","payload":{"workflowId":"Ug5kJczEJsN8Xma8","workflowName":"My workflow","executionId":"20","nodeType":"n8n-nodes-base.if","nodeName":"If","nodeId":"dfa0a3a5-67a9-4b33-99b4-fdbd4fe7e3af"}}
{"__type":"$$EventMessageConfirm","confirm":"de9ea968-baf5-4c13-b1b5-eb1ccf5d8216","ts":"2025-08-31T23:08:15.474-03:00","source":{"id":"0","name":"eventBus"}}
{"__type":"$$EventMessageWorkflow","id":"6e7095d2-17bc-40e3-9040-33d246884f1a","ts":"2025-08-31T23:08:15.477-03:00","eventName":"n8n.workflow.success","message":"n8n.workflow.success","payload":{"userId":"b152749f-8bb5-4e4c-812e-9be4482f8408","executionId":"20","success":true,"isManual":true,"workflowId":"Ug5kJczEJsN8Xma8","workflowName":"My workflow"}}
{"__type":"$$EventMessageConfirm","confirm":"6e7095d2-17bc-40e3-9040-33d246884f1a","ts":"2025-08-31T23:08:15.477-03:00","source":{"id":"0","name":"eventBus"}}
